<?xml version="1.0" encoding="UTF-8"?>
<!-- Generated by org.testng.reporters.JUnitXMLReporter -->
<testsuite hostname="LAPTOP-NL1EMSF5" ignored="0" name="Default test" tests="29" failures="0" timestamp="2020-06-26T16:10:37 IST" time="666.81" errors="0">
  <testcase name="launchBrowser" time="23.326" classname="src.StaffPortal.SigninTest"/>
  <testcase name="signUp" time="26.299" classname="src.StaffPortal.SigninTest"/>
  <testcase name="phoneNo" time="25.424" classname="src.StaffPortal.SigninTest"/>
  <testcase name="forgotPassword" time="10.602" classname="src.StaffPortal.SigninTest"/>
  <testcase name="prePopulatedmail" time="5.483" classname="src.StaffPortal.SigninTest"/>
  <testcase name="closePopup" time="5.281" classname="src.StaffPortal.SigninTest"/>
  <testcase name="resetPassword" time="18.165" classname="src.StaffPortal.SigninTest"/>
  <testcase name="login" time="9.279" classname="src.StaffPortal.SigninTest"/>
  <testcase name="loginEmail" time="12.559" classname="src.StaffPortal.SigninTest"/>
  <testcase name="invalidEmail" time="12.496" classname="src.StaffPortal.SigninTest"/>
  <testcase name="invalidSignin" time="20.627" classname="src.StaffPortal.SigninTest"/>
  <testcase name="signIn" time="19.681" classname="src.StaffPortal.SigninTest"/>
  <testcase name="switchOption" time="16.174" classname="src.StaffPortal.OverviewTest"/>
  <testcase name="announcement" time="287.874" classname="src.StaffPortal.OverviewTest"/>
  <testcase name="resources" time="21.94" classname="src.StaffPortal.OverviewTest"/>
  <testcase name="upCommingAppointment" time="5.021" classname="src.StaffPortal.OverviewTest"/>
  <testcase name="allAppointments" time="16.989" classname="src.StaffPortal.OverviewTest"/>
  <testcase name="statusCheck" time="15.344" classname="src.StaffPortal.OverviewTest"/>
  <testcase name="unCheckStatus" time="10.321" classname="src.StaffPortal.OverviewTest"/>
  <testcase name="selected" time="10.35" classname="src.StaffPortal.OverviewTest"/>
  <testcase name="deSelected" time="10.312" classname="src.StaffPortal.OverviewTest"/>
  <testcase name="allPatient" time="18.05" classname="src.StaffPortal.OverviewTest"/>
  <testcase name="searchPatient" time="5.479" classname="src.StaffPortal.OverviewTest"/>
  <testcase name="navigateAppointment" time="12.741" classname="src.StaffPortal.AppointmentTest"/>
  <testcase name="upComingAppointment" time="5.306" classname="src.StaffPortal.AppointmentTest"/>
  <testcase name="pastAppointement" time="5.338" classname="src.StaffPortal.AppointmentTest"/>
  <testcase name="NavigateBack" time="8.573" classname="src.StaffPortal.AppointmentTest"/>
  <testcase name="scheduleNavigation" time="13.273" classname="src.StaffPortal.ScheduleTest"/>
  <testcase name="wednesdaySchedule" time="14.281" classname="src.StaffPortal.ScheduleTest"/>
</testsuite> <!-- Default test -->
